<?xml version="1.0" encoding="UTF-8"?>
<testsuite xmlns:xsi="http://www.w3.org/2001/XMLSchema-instance" xsi:noNamespaceSchemaLocation="https://maven.apache.org/surefire/maven-surefire-plugin/xsd/surefire-test-report.xsd" name="pl.pfigura.testing.cart.CartServiceTest" time="0.064" tests="9" errors="0" skipped="0" failures="0">
  <properties>
[...]
</properties>
  <testcase name="canHandleCartShouldReturnMultiplyValues" classname="pl.pfigura.testing.cart.CartServiceTest" time="0.034"/>
  <testcase name="processCartShouldNOTSendToPrepare" classname="pl.pfigura.testing.cart.CartServiceTest" time="0.008"/>
  <testcase name="processCartShouldNOTSendToPrepareWithArgumentMatchers" classname="pl.pfigura.testing.cart.CartServiceTest" time="0.003"/>
  <testcase name="shouldAnswerWhenProcessCart" classname="pl.pfigura.testing.cart.CartServiceTest" time="0.004"/>
  <testcase name="canHandleCartShouldThrowException" classname="pl.pfigura.testing.cart.CartServiceTest" time="0.004"/>
  <testcase name="processCartShouldSendToPrepareWithArgumentCaptor" classname="pl.pfigura.testing.cart.CartServiceTest" time="0.002"/>
  <testcase name="deliveryShouldBeFree" classname="pl.pfigura.testing.cart.CartServiceTest" time="0.003"/>
  <testcase name="processCartShouldSendToPrepareWithLambdas" classname="pl.pfigura.testing.cart.CartServiceTest" time="0.004"/>
  <testcase name="processCartShouldSendToPrepare" classname="pl.pfigura.testing.cart.CartServiceTest" time="0.002"/>
</testsuite>